<?xml version="1.0" encoding="UTF-8"?>
<testng-results skipped="0" failed="0" ignored="0" total="10" passed="10">
  <reporter-output>
  </reporter-output>
  <suite name="FREE CRM Automation Test suite" duration-ms="156616" started-at="2021-10-05T06:30:14Z" finished-at="2021-10-05T06:32:51Z">
    <groups>
    </groups>
    <test name="FREE CRM Test cases" duration-ms="156616" started-at="2021-10-05T06:30:14Z" finished-at="2021-10-05T06:32:51Z">
      <class name="com.crm.qa.testcases.HomePageTest">
        <test-method status="PASS" signature="setup()[pri:0, instance:com.crm.qa.testcases.HomePageTest@1e88b3c]" name="setup" is-config="true" duration-ms="14726" started-at="2021-10-05T12:00:23Z" finished-at="2021-10-05T12:00:38Z">
          <reporter-output>
          </reporter-output>
        </test-method> <!-- setup -->
        <test-method status="PASS" signature="homepageTitleTest()[pri:1, instance:com.crm.qa.testcases.HomePageTest@1e88b3c]" name="homepageTitleTest" duration-ms="9" started-at="2021-10-05T12:00:38Z" finished-at="2021-10-05T12:00:38Z">
          <reporter-output>
          </reporter-output>
        </test-method> <!-- homepageTitleTest -->
        <test-method status="PASS" signature="teardown()[pri:0, instance:com.crm.qa.testcases.HomePageTest@1e88b3c]" name="teardown" is-config="true" duration-ms="980" started-at="2021-10-05T12:00:38Z" finished-at="2021-10-05T12:00:39Z">
          <reporter-output>
          </reporter-output>
        </test-method> <!-- teardown -->
        <test-method status="PASS" signature="setup()[pri:0, instance:com.crm.qa.testcases.HomePageTest@1e88b3c]" name="setup" is-config="true" duration-ms="14465" started-at="2021-10-05T12:01:03Z" finished-at="2021-10-05T12:01:18Z">
          <reporter-output>
          </reporter-output>
        </test-method> <!-- setup -->
        <test-method status="PASS" signature="verifyLoginNameOfUserTest()[pri:2, instance:com.crm.qa.testcases.HomePageTest@1e88b3c]" name="verifyLoginNameOfUserTest" duration-ms="115" started-at="2021-10-05T12:01:18Z" finished-at="2021-10-05T12:01:18Z">
          <reporter-output>
          </reporter-output>
        </test-method> <!-- verifyLoginNameOfUserTest -->
        <test-method status="PASS" signature="teardown()[pri:0, instance:com.crm.qa.testcases.HomePageTest@1e88b3c]" name="teardown" is-config="true" duration-ms="930" started-at="2021-10-05T12:01:18Z" finished-at="2021-10-05T12:01:19Z">
          <reporter-output>
          </reporter-output>
        </test-method> <!-- teardown -->
        <test-method status="PASS" signature="setup()[pri:0, instance:com.crm.qa.testcases.HomePageTest@1e88b3c]" name="setup" is-config="true" duration-ms="14645" started-at="2021-10-05T12:02:34Z" finished-at="2021-10-05T12:02:48Z">
          <reporter-output>
          </reporter-output>
        </test-method> <!-- setup -->
        <test-method status="PASS" signature="verifyContactslinksTest()[pri:3, instance:com.crm.qa.testcases.HomePageTest@1e88b3c]" name="verifyContactslinksTest" duration-ms="1827" started-at="2021-10-05T12:02:48Z" finished-at="2021-10-05T12:02:50Z">
          <reporter-output>
          </reporter-output>
        </test-method> <!-- verifyContactslinksTest -->
        <test-method status="PASS" signature="teardown()[pri:0, instance:com.crm.qa.testcases.HomePageTest@1e88b3c]" name="teardown" is-config="true" duration-ms="1027" started-at="2021-10-05T12:02:50Z" finished-at="2021-10-05T12:02:51Z">
          <reporter-output>
          </reporter-output>
        </test-method> <!-- teardown -->
      </class> <!-- com.crm.qa.testcases.HomePageTest -->
      <class name="com.crm.qa.testcases.ContactsPageTest">
        <test-method status="PASS" signature="setup()[pri:0, instance:com.crm.qa.testcases.ContactsPageTest@42d80b78]" name="setup" is-config="true" duration-ms="14348" started-at="2021-10-05T12:00:39Z" finished-at="2021-10-05T12:00:53Z">
          <reporter-output>
          </reporter-output>
        </test-method> <!-- setup -->
        <test-method status="PASS" signature="verifyContactsLabelTest()[pri:1, instance:com.crm.qa.testcases.ContactsPageTest@42d80b78]" name="verifyContactsLabelTest" duration-ms="1799" started-at="2021-10-05T12:00:53Z" finished-at="2021-10-05T12:00:55Z">
          <reporter-output>
          </reporter-output>
        </test-method> <!-- verifyContactsLabelTest -->
        <test-method status="PASS" signature="teardown()[pri:0, instance:com.crm.qa.testcases.ContactsPageTest@42d80b78]" name="teardown" is-config="true" duration-ms="1033" started-at="2021-10-05T12:00:55Z" finished-at="2021-10-05T12:00:56Z">
          <reporter-output>
          </reporter-output>
        </test-method> <!-- teardown -->
        <test-method status="PASS" signature="setup()[pri:0, instance:com.crm.qa.testcases.ContactsPageTest@42d80b78]" name="setup" is-config="true" duration-ms="14293" started-at="2021-10-05T12:01:19Z" finished-at="2021-10-05T12:01:34Z">
          <reporter-output>
          </reporter-output>
        </test-method> <!-- setup -->
        <test-method status="PASS" signature="validateCreateNewContact(java.lang.String, java.lang.String, java.lang.String, java.lang.String)[pri:2, instance:com.crm.qa.testcases.ContactsPageTest@42d80b78]" name="validateCreateNewContact" duration-ms="4424" started-at="2021-10-05T12:01:34Z" data-provider="getCRMTestData" finished-at="2021-10-05T12:01:38Z">
          <params>
            <param index="0">
              <value>
                <![CDATA[Mr.]]>
              </value>
            </param>
            <param index="1">
              <value>
                <![CDATA[Tom]]>
              </value>
            </param>
            <param index="2">
              <value>
                <![CDATA[Petter]]>
              </value>
            </param>
            <param index="3">
              <value>
                <![CDATA[Amazon]]>
              </value>
            </param>
          </params>
          <reporter-output>
          </reporter-output>
        </test-method> <!-- validateCreateNewContact -->
        <test-method status="PASS" signature="teardown()[pri:0, instance:com.crm.qa.testcases.ContactsPageTest@42d80b78]" name="teardown" is-config="true" duration-ms="1007" started-at="2021-10-05T12:01:38Z" finished-at="2021-10-05T12:01:39Z">
          <reporter-output>
          </reporter-output>
        </test-method> <!-- teardown -->
        <test-method status="PASS" signature="setup()[pri:0, instance:com.crm.qa.testcases.ContactsPageTest@42d80b78]" name="setup" is-config="true" duration-ms="14265" started-at="2021-10-05T12:01:39Z" finished-at="2021-10-05T12:01:53Z">
          <reporter-output>
          </reporter-output>
        </test-method> <!-- setup -->
        <test-method status="PASS" signature="validateCreateNewContact(java.lang.String, java.lang.String, java.lang.String, java.lang.String)[pri:2, instance:com.crm.qa.testcases.ContactsPageTest@42d80b78]" name="validateCreateNewContact" duration-ms="4370" started-at="2021-10-05T12:01:53Z" data-provider="getCRMTestData" finished-at="2021-10-05T12:01:58Z">
          <params>
            <param index="0">
              <value>
                <![CDATA[Mrs.]]>
              </value>
            </param>
            <param index="1">
              <value>
                <![CDATA[Priyanka]]>
              </value>
            </param>
            <param index="2">
              <value>
                <![CDATA[Larry]]>
              </value>
            </param>
            <param index="3">
              <value>
                <![CDATA[Google]]>
              </value>
            </param>
          </params>
          <reporter-output>
          </reporter-output>
        </test-method> <!-- validateCreateNewContact -->
        <test-method status="PASS" signature="teardown()[pri:0, instance:com.crm.qa.testcases.ContactsPageTest@42d80b78]" name="teardown" is-config="true" duration-ms="991" started-at="2021-10-05T12:01:58Z" finished-at="2021-10-05T12:01:59Z">
          <reporter-output>
          </reporter-output>
        </test-method> <!-- teardown -->
        <test-method status="PASS" signature="setup()[pri:0, instance:com.crm.qa.testcases.ContactsPageTest@42d80b78]" name="setup" is-config="true" duration-ms="14363" started-at="2021-10-05T12:01:59Z" finished-at="2021-10-05T12:02:13Z">
          <reporter-output>
          </reporter-output>
        </test-method> <!-- setup -->
        <test-method status="PASS" signature="validateCreateNewContact(java.lang.String, java.lang.String, java.lang.String, java.lang.String)[pri:2, instance:com.crm.qa.testcases.ContactsPageTest@42d80b78]" name="validateCreateNewContact" duration-ms="4234" started-at="2021-10-05T12:02:13Z" data-provider="getCRMTestData" finished-at="2021-10-05T12:02:17Z">
          <params>
            <param index="0">
              <value>
                <![CDATA[Mr.]]>
              </value>
            </param>
            <param index="1">
              <value>
                <![CDATA[John]]>
              </value>
            </param>
            <param index="2">
              <value>
                <![CDATA[Maxwell]]>
              </value>
            </param>
            <param index="3">
              <value>
                <![CDATA[Tata]]>
              </value>
            </param>
          </params>
          <reporter-output>
          </reporter-output>
        </test-method> <!-- validateCreateNewContact -->
        <test-method status="PASS" signature="teardown()[pri:0, instance:com.crm.qa.testcases.ContactsPageTest@42d80b78]" name="teardown" is-config="true" duration-ms="1028" started-at="2021-10-05T12:02:17Z" finished-at="2021-10-05T12:02:18Z">
          <reporter-output>
          </reporter-output>
        </test-method> <!-- teardown -->
      </class> <!-- com.crm.qa.testcases.ContactsPageTest -->
      <class name="com.crm.qa.testcases.LoginPageTest">
        <test-method status="PASS" signature="setup()[pri:0, instance:com.crm.qa.testcases.LoginPageTest@77caeb3e]" name="setup" is-config="true" duration-ms="7671" started-at="2021-10-05T12:00:14Z" finished-at="2021-10-05T12:00:22Z">
          <reporter-output>
          </reporter-output>
        </test-method> <!-- setup -->
        <test-method status="PASS" signature="loginPageTitleTest()[pri:1, instance:com.crm.qa.testcases.LoginPageTest@77caeb3e]" name="loginPageTitleTest" duration-ms="24" started-at="2021-10-05T12:00:22Z" finished-at="2021-10-05T12:00:22Z">
          <reporter-output>
          </reporter-output>
        </test-method> <!-- loginPageTitleTest -->
        <test-method status="PASS" signature="teardown()[pri:0, instance:com.crm.qa.testcases.LoginPageTest@77caeb3e]" name="teardown" is-config="true" duration-ms="1011" started-at="2021-10-05T12:00:22Z" finished-at="2021-10-05T12:00:23Z">
          <reporter-output>
          </reporter-output>
        </test-method> <!-- teardown -->
        <test-method status="PASS" signature="setup()[pri:0, instance:com.crm.qa.testcases.LoginPageTest@77caeb3e]" name="setup" is-config="true" duration-ms="6159" started-at="2021-10-05T12:00:56Z" finished-at="2021-10-05T12:01:02Z">
          <reporter-output>
          </reporter-output>
        </test-method> <!-- setup -->
        <test-method status="PASS" signature="crmLogoImgTest()[pri:2, instance:com.crm.qa.testcases.LoginPageTest@77caeb3e]" name="crmLogoImgTest" duration-ms="184" started-at="2021-10-05T12:01:02Z" finished-at="2021-10-05T12:01:02Z">
          <reporter-output>
          </reporter-output>
        </test-method> <!-- crmLogoImgTest -->
        <test-method status="PASS" signature="teardown()[pri:0, instance:com.crm.qa.testcases.LoginPageTest@77caeb3e]" name="teardown" is-config="true" duration-ms="981" started-at="2021-10-05T12:01:02Z" finished-at="2021-10-05T12:01:03Z">
          <reporter-output>
          </reporter-output>
        </test-method> <!-- teardown -->
        <test-method status="PASS" signature="setup()[pri:0, instance:com.crm.qa.testcases.LoginPageTest@77caeb3e]" name="setup" is-config="true" duration-ms="6095" started-at="2021-10-05T12:02:18Z" finished-at="2021-10-05T12:02:24Z">
          <reporter-output>
          </reporter-output>
        </test-method> <!-- setup -->
        <test-method status="PASS" signature="loginTest()[pri:3, instance:com.crm.qa.testcases.LoginPageTest@77caeb3e]" name="loginTest" duration-ms="8161" started-at="2021-10-05T12:02:24Z" finished-at="2021-10-05T12:02:33Z">
          <reporter-output>
          </reporter-output>
        </test-method> <!-- loginTest -->
        <test-method status="PASS" signature="teardown()[pri:0, instance:com.crm.qa.testcases.LoginPageTest@77caeb3e]" name="teardown" is-config="true" duration-ms="910" started-at="2021-10-05T12:02:33Z" finished-at="2021-10-05T12:02:34Z">
          <reporter-output>
          </reporter-output>
        </test-method> <!-- teardown -->
      </class> <!-- com.crm.qa.testcases.LoginPageTest -->
    </test> <!-- FREE CRM Test cases -->
  </suite> <!-- FREE CRM Automation Test suite -->
</testng-results>
