<?xml version="1.0" encoding="UTF-8"?>
<!-- Generated by org.testng.reporters.JUnitXMLReporter -->
<testsuite hostname="INWS0AdityaM-01" ignored="0" name="FREE CRM Test cases" tests="10" failures="0" timestamp="10 Aug 2021 16:02:05 GMT" time="400.472" errors="0">
  <testcase name="loginPageTitleTest" time="0.015" classname="com.crm.qa.testcases.LoginPageTest"/>
  <testcase name="homepageTitleTest" time="0.009" classname="com.crm.qa.testcases.HomePageTest"/>
  <testcase name="verifyContactsLabelTest" time="2.693" classname="com.crm.qa.testcases.ContactsPageTest"/>
  <testcase name="crmLogoImgTest" time="0.071" classname="com.crm.qa.testcases.LoginPageTest"/>
  <testcase name="verifyLoginNameOfUserTest" time="0.118" classname="com.crm.qa.testcases.HomePageTest"/>
  <testcase name="validateCreateNewContact" time="5.214" classname="com.crm.qa.testcases.ContactsPageTest"/>
  <testcase name="validateCreateNewContact" time="9.206" classname="com.crm.qa.testcases.ContactsPageTest"/>
  <testcase name="validateCreateNewContact" time="6.882" classname="com.crm.qa.testcases.ContactsPageTest"/>
  <testcase name="loginTest" time="44.959" classname="com.crm.qa.testcases.LoginPageTest"/>
  <testcase name="verifyContactslinksTest" time="2.627" classname="com.crm.qa.testcases.HomePageTest"/>
</testsuite> <!-- FREE CRM Test cases -->
