<?xml version="1.0" encoding="UTF-8"?>
<!-- Generated by org.testng.reporters.JUnitXMLReporter -->
<testsuite hostname="INWS0AdityaM-01" ignored="0" name="FREE CRM Test cases" tests="10" failures="0" timestamp="19 Oct 2021 07:25:05 GMT" time="163.494" errors="0">
  <testcase name="loginPageTitleTest" time="0.015" classname="com.crm.qa.testcases.LoginPageTest"/>
  <testcase name="homepageTitleTest" time="0.009" classname="com.crm.qa.testcases.HomePageTest"/>
  <testcase name="verifyContactsLabelTest" time="1.616" classname="com.crm.qa.testcases.ContactsPageTest"/>
  <testcase name="crmLogoImgTest" time="0.092" classname="com.crm.qa.testcases.LoginPageTest"/>
  <testcase name="verifyLoginNameOfUserTest" time="0.114" classname="com.crm.qa.testcases.HomePageTest"/>
  <testcase name="validateCreateNewContact" time="4.265" classname="com.crm.qa.testcases.ContactsPageTest"/>
  <testcase name="validateCreateNewContact" time="4.076" classname="com.crm.qa.testcases.ContactsPageTest"/>
  <testcase name="validateCreateNewContact" time="4.228" classname="com.crm.qa.testcases.ContactsPageTest"/>
  <testcase name="loginTest" time="6.918" classname="com.crm.qa.testcases.LoginPageTest"/>
  <testcase name="verifyContactslinksTest" time="1.599" classname="com.crm.qa.testcases.HomePageTest"/>
</testsuite> <!-- FREE CRM Test cases -->
